2024-05-24T00:17:55,671 [main] INFO  (RestAssuredListener.java:23) - 
 Method =>POST
 URI => https://restful-booker.herokuapp.com/booking
 Request body => {
  "firstname" : "api testing by",
  "lastname" : "testers talk",
  "additionalneeds" : "breakfast",
  "totalprice" : 1000,
  "depositpaid" : true,
  "bookingdates" : {
    "checkin" : "2023-03-25",
    "checkout" : "2023-03-30"
  }
}
 Response body => {
    "bookingid": 3284,
    "booking": {
        "firstname": "api testing by",
        "lastname": "testers talk",
        "totalprice": 1000,
        "depositpaid": true,
        "bookingdates": {
            "checkin": "2023-03-25",
            "checkout": "2023-03-30"
        },
        "additionalneeds": "breakfast"
    }
}
2024-05-24T00:17:57,023 [main] INFO  (RestAssuredListener.java:23) - 
 Method =>POST
 URI => https://restful-booker.herokuapp.com/booking
 Request body => {
  "firstname" : "rest assured by",
  "lastname" : "testers talk",
  "additionalneeds" : "breakfast",
  "totalprice" : 2000,
  "depositpaid" : true,
  "bookingdates" : {
    "checkin" : "2023-03-25",
    "checkout" : "2023-03-30"
  }
}
 Response body => {
    "bookingid": 3298,
    "booking": {
        "firstname": "rest assured by",
        "lastname": "testers talk",
        "totalprice": 2000,
        "depositpaid": true,
        "bookingdates": {
            "checkin": "2023-03-25",
            "checkout": "2023-03-30"
        },
        "additionalneeds": "breakfast"
    }
}
2024-05-24T00:17:58,218 [main] INFO  (RestAssuredListener.java:23) - 
 Method =>POST
 URI => https://restful-booker.herokuapp.com/booking
 Request body => {
  "firstname" : "postman by",
  "lastname" : "testers talk",
  "additionalneeds" : "breakfast",
  "totalprice" : 3000,
  "depositpaid" : true,
  "bookingdates" : {
    "checkin" : "2023-03-25",
    "checkout" : "2023-03-30"
  }
}
 Response body => {
    "bookingid": 3308,
    "booking": {
        "firstname": "postman by",
        "lastname": "testers talk",
        "totalprice": 3000,
        "depositpaid": true,
        "bookingdates": {
            "checkin": "2023-03-25",
            "checkout": "2023-03-30"
        },
        "additionalneeds": "breakfast"
    }
}
2024-05-24T00:17:58,242 [main] INFO  (TestRetry.java:34) - e2eAPIRequest test execution started...
2024-05-24T00:18:02,513 [main] INFO  (RestAssuredListener.java:23) - 
 Method =>POST
 URI => https://restful-booker.herokuapp.com/booking
 Request body => {
    "firstname": "api testing",
    "lastname": "tutorial",
    "totalprice": 1000,
    "depositpaid": true,
    "bookingdates": {
        "checkin": "2018-01-01",
        "checkout": "2019-01-01"
    },
    "additionalneeds": "super bowls"
}
 Response body => {
    "bookingid": 3343,
    "booking": {
        "firstname": "api testing",
        "lastname": "tutorial",
        "totalprice": 1000,
        "depositpaid": true,
        "bookingdates": {
            "checkin": "2018-01-01",
            "checkout": "2019-01-01"
        },
        "additionalneeds": "super bowls"
    }
}
2024-05-24T00:18:03,952 [main] INFO  (RestAssuredListener.java:23) - 
 Method =>GET
 URI => https://restful-booker.herokuapp.com/booking/3343
 Request body => null
 Response body => {
    "firstname": "api testing",
    "lastname": "tutorial",
    "totalprice": 1000,
    "depositpaid": true,
    "bookingdates": {
        "checkin": "2018-01-01",
        "checkout": "2019-01-01"
    },
    "additionalneeds": "super bowls"
}
2024-05-24T00:18:05,205 [main] INFO  (RestAssuredListener.java:23) - 
 Method =>POST
 URI => https://restful-booker.herokuapp.com/auth
 Request body => {
    "username":"admin",
    "password":"password123"

}
 Response body => {
    "token": "9ec9d9baf65e84c"
}
2024-05-24T00:18:06,435 [main] INFO  (RestAssuredListener.java:23) - 
 Method =>PUT
 URI => https://restful-booker.herokuapp.com/booking/3343
 Request body => {
    "firstname": "Specflow",
    "lastname": "Selenium C#",
    "totalprice": 111,
    "depositpaid": true,
    "bookingdates": {
        "checkin": "2018-01-01",
        "checkout": "2019-01-01"
    },
    "additionalneeds": "super bowls"
}
 Response body => {
    "firstname": "Specflow",
    "lastname": "Selenium C#",
    "totalprice": 111,
    "depositpaid": true,
    "bookingdates": {
        "checkin": "2018-01-01",
        "checkout": "2019-01-01"
    },
    "additionalneeds": "super bowls"
}
2024-05-24T00:18:08,278 [main] INFO  (RestAssuredListener.java:23) - 
 Method =>PATCH
 URI => https://restful-booker.herokuapp.com/booking/3343
 Request body => {
    "firstname": "Testers Talk"
}
 Response body => {
    "firstname": "Testers Talk",
    "lastname": "Selenium C#",
    "totalprice": 111,
    "depositpaid": true,
    "bookingdates": {
        "checkin": "2018-01-01",
        "checkout": "2019-01-01"
    },
    "additionalneeds": "super bowls"
}
2024-05-24T00:18:09,520 [main] INFO  (RestAssuredListener.java:23) - 
 Method =>DELETE
 URI => https://restful-booker.herokuapp.com/booking/3343
 Request body => null
 Response body => Created
2024-05-24T00:18:09,523 [main] INFO  (TestRetry.java:153) - e2eAPIRequest test execution ended...
2024-05-24T00:18:09,574 [main] INFO  (EndToEndAPITest.java:31) - e2eAPIRequest test execution started...
2024-05-24T00:18:10,796 [main] INFO  (RestAssuredListener.java:23) - 
 Method =>POST
 URI => https://restful-booker.herokuapp.com/booking
 Request body => {
    "firstname": "api testing",
    "lastname": "tutorial",
    "totalprice": 1000,
    "depositpaid": true,
    "bookingdates": {
        "checkin": "2018-01-01",
        "checkout": "2019-01-01"
    },
    "additionalneeds": "super bowls"
}
 Response body => {
    "bookingid": 3418,
    "booking": {
        "firstname": "api testing",
        "lastname": "tutorial",
        "totalprice": 1000,
        "depositpaid": true,
        "bookingdates": {
            "checkin": "2018-01-01",
            "checkout": "2019-01-01"
        },
        "additionalneeds": "super bowls"
    }
}
2024-05-24T00:18:12,045 [main] INFO  (RestAssuredListener.java:23) - 
 Method =>GET
 URI => https://restful-booker.herokuapp.com/booking/3418
 Request body => null
 Response body => {
    "firstname": "api testing",
    "lastname": "tutorial",
    "totalprice": 1000,
    "depositpaid": true,
    "bookingdates": {
        "checkin": "2018-01-01",
        "checkout": "2019-01-01"
    },
    "additionalneeds": "super bowls"
}
2024-05-24T00:18:13,296 [main] INFO  (RestAssuredListener.java:23) - 
 Method =>POST
 URI => https://restful-booker.herokuapp.com/auth
 Request body => {
    "username":"admin",
    "password":"password123"

}
 Response body => {
    "token": "7ebf625a6099679"
}
2024-05-24T00:18:14,502 [main] INFO  (RestAssuredListener.java:23) - 
 Method =>PUT
 URI => https://restful-booker.herokuapp.com/booking/3418
 Request body => {
    "firstname": "Specflow",
    "lastname": "Selenium C#",
    "totalprice": 111,
    "depositpaid": true,
    "bookingdates": {
        "checkin": "2018-01-01",
        "checkout": "2019-01-01"
    },
    "additionalneeds": "super bowls"
}
 Response body => {
    "firstname": "Specflow",
    "lastname": "Selenium C#",
    "totalprice": 111,
    "depositpaid": true,
    "bookingdates": {
        "checkin": "2018-01-01",
        "checkout": "2019-01-01"
    },
    "additionalneeds": "super bowls"
}
2024-05-24T00:18:15,759 [main] INFO  (RestAssuredListener.java:23) - 
 Method =>PATCH
 URI => https://restful-booker.herokuapp.com/booking/3418
 Request body => {
    "firstname": "Testers Talk"
}
 Response body => {
    "firstname": "Testers Talk",
    "lastname": "Selenium C#",
    "totalprice": 111,
    "depositpaid": true,
    "bookingdates": {
        "checkin": "2018-01-01",
        "checkout": "2019-01-01"
    },
    "additionalneeds": "super bowls"
}
2024-05-24T00:18:16,994 [main] INFO  (RestAssuredListener.java:23) - 
 Method =>DELETE
 URI => https://restful-booker.herokuapp.com/booking/3418
 Request body => null
 Response body => Created
2024-05-24T00:18:16,996 [main] INFO  (EndToEndAPITest.java:142) - e2eAPIRequest test execution ended...
2024-05-24T00:18:19,540 [main] INFO  (CreateAPIRequestDynamically.java:32) - e2eAPIRequest test execution started...
2024-05-24T00:18:22,515 [main] INFO  (RestAssuredListener.java:23) - 
 Method =>POST
 URI => https://restful-booker.herokuapp.com/booking
 Request body => {
    "firstname": "postman by",
    "lastname": "testers talk",
    "totalprice": 1000,
    "depositpaid": true,
    "bookingdates": {
        "checkin": "2018-01-01",
        "checkout": "2019-01-01"
    },
    "additionalneeds": "chicken"
}
 Response body => {
    "bookingid": 3514,
    "booking": {
        "firstname": "postman by",
        "lastname": "testers talk",
        "totalprice": 1000,
        "depositpaid": true,
        "bookingdates": {
            "checkin": "2018-01-01",
            "checkout": "2019-01-01"
        },
        "additionalneeds": "chicken"
    }
}
2024-05-24T00:18:23,722 [main] INFO  (RestAssuredListener.java:23) - 
 Method =>GET
 URI => https://restful-booker.herokuapp.com/booking/3514
 Request body => null
 Response body => {
    "firstname": "postman by",
    "lastname": "testers talk",
    "totalprice": 1000,
    "depositpaid": true,
    "bookingdates": {
        "checkin": "2018-01-01",
        "checkout": "2019-01-01"
    },
    "additionalneeds": "chicken"
}
2024-05-24T00:18:24,927 [main] INFO  (RestAssuredListener.java:23) - 
 Method =>POST
 URI => https://restful-booker.herokuapp.com/auth
 Request body => {
    "username":"admin",
    "password":"password123"

}
 Response body => {
    "token": "46ed6945eac2f48"
}
2024-05-24T00:18:26,172 [main] INFO  (RestAssuredListener.java:23) - 
 Method =>PUT
 URI => https://restful-booker.herokuapp.com/booking/3514
 Request body => {
    "firstname": "Specflow",
    "lastname": "Selenium C#",
    "totalprice": 111,
    "depositpaid": true,
    "bookingdates": {
        "checkin": "2018-01-01",
        "checkout": "2019-01-01"
    },
    "additionalneeds": "super bowls"
}
 Response body => {
    "firstname": "Specflow",
    "lastname": "Selenium C#",
    "totalprice": 111,
    "depositpaid": true,
    "bookingdates": {
        "checkin": "2018-01-01",
        "checkout": "2019-01-01"
    },
    "additionalneeds": "super bowls"
}
2024-05-24T00:18:27,412 [main] INFO  (RestAssuredListener.java:23) - 
 Method =>PATCH
 URI => https://restful-booker.herokuapp.com/booking/3514
 Request body => {
    "firstname": "Testers Talk"
}
 Response body => {
    "firstname": "Testers Talk",
    "lastname": "Selenium C#",
    "totalprice": 111,
    "depositpaid": true,
    "bookingdates": {
        "checkin": "2018-01-01",
        "checkout": "2019-01-01"
    },
    "additionalneeds": "super bowls"
}
2024-05-24T00:18:28,671 [main] INFO  (RestAssuredListener.java:23) - 
 Method =>DELETE
 URI => https://restful-booker.herokuapp.com/booking/3514
 Request body => null
 Response body => Created
2024-05-24T00:18:28,673 [main] INFO  (CreateAPIRequestDynamically.java:146) - e2eAPIRequest test execution ended...
2024-05-24T00:18:28,689 [main] INFO  (StepRetry.java:34) - e2eAPIRequest test execution started...
2024-05-24T00:18:29,895 [main] INFO  (RestAssuredListener.java:23) - 
 Method =>POST
 URI => https://restful-booker.herokuapp.com/booking
 Request body => {
    "firstname": "api testing",
    "lastname": "tutorial",
    "totalprice": 1000,
    "depositpaid": true,
    "bookingdates": {
        "checkin": "2018-01-01",
        "checkout": "2019-01-01"
    },
    "additionalneeds": "super bowls"
}
 Response body => {
    "bookingid": 3582,
    "booking": {
        "firstname": "api testing",
        "lastname": "tutorial",
        "totalprice": 1000,
        "depositpaid": true,
        "bookingdates": {
            "checkin": "2018-01-01",
            "checkout": "2019-01-01"
        },
        "additionalneeds": "super bowls"
    }
}
2024-05-24T00:18:31,158 [main] INFO  (RestAssuredListener.java:23) - 
 Method =>GET
 URI => https://restful-booker.herokuapp.com/booking/3582
 Request body => null
 Response body => {
    "firstname": "api testing",
    "lastname": "tutorial",
    "totalprice": 1000,
    "depositpaid": true,
    "bookingdates": {
        "checkin": "2018-01-01",
        "checkout": "2019-01-01"
    },
    "additionalneeds": "super bowls"
}
2024-05-24T00:18:32,386 [main] INFO  (RestAssuredListener.java:23) - 
 Method =>POST
 URI => https://restful-booker.herokuapp.com/auth
 Request body => {
    "username":"admin",
    "password":"password123"

}
 Response body => {
    "token": "0ca26546dcc180c"
}
2024-05-24T00:18:33,608 [main] INFO  (RestAssuredListener.java:23) - 
 Method =>PUT
 URI => https://restful-booker.herokuapp.com/booking/3582
 Request body => {
    "firstname": "Specflow",
    "lastname": "Selenium C#",
    "totalprice": 111,
    "depositpaid": true,
    "bookingdates": {
        "checkin": "2018-01-01",
        "checkout": "2019-01-01"
    },
    "additionalneeds": "super bowls"
}
 Response body => {
    "firstname": "Specflow",
    "lastname": "Selenium C#",
    "totalprice": 111,
    "depositpaid": true,
    "bookingdates": {
        "checkin": "2018-01-01",
        "checkout": "2019-01-01"
    },
    "additionalneeds": "super bowls"
}
2024-05-24T00:18:34,865 [main] INFO  (RestAssuredListener.java:23) - 
 Method =>PATCH
 URI => https://restful-booker.herokuapp.com/booking/3582
 Request body => {
    "firstname": "Testers Talk"
}
 Response body => {
    "firstname": "Testers Talk",
    "lastname": "Selenium C#",
    "totalprice": 111,
    "depositpaid": true,
    "bookingdates": {
        "checkin": "2018-01-01",
        "checkout": "2019-01-01"
    },
    "additionalneeds": "super bowls"
}
2024-05-24T00:18:36,096 [main] INFO  (RestAssuredListener.java:23) - 
 Method =>DELETE
 URI => https://restful-booker.herokuapp.com/booking/3582
 Request body => null
 Response body => Created
2024-05-24T00:18:36,097 [main] INFO  (StepRetry.java:153) - e2eAPIRequest test execution ended...
2024-05-24T00:18:44,093 [main] INFO  (RestAssuredListener.java:23) - 
 Method =>POST
 URI => https://restful-booker.herokuapp.com/booking
 Request body => {
  "firstname" : "api testing by",
  "lastname" : "testers talk",
  "additionalneeds" : "breakfast",
  "totalprice" : 1000,
  "depositpaid" : true,
  "bookingdates" : {
    "checkin" : "2023-03-25",
    "checkout" : "2023-03-30"
  }
}
 Response body => {
    "bookingid": 3748,
    "booking": {
        "firstname": "api testing by",
        "lastname": "testers talk",
        "totalprice": 1000,
        "depositpaid": true,
        "bookingdates": {
            "checkin": "2023-03-25",
            "checkout": "2023-03-30"
        },
        "additionalneeds": "breakfast"
    }
}
2024-05-24T00:18:45,291 [main] INFO  (RestAssuredListener.java:23) - 
 Method =>POST
 URI => https://restful-booker.herokuapp.com/booking
 Request body => {
  "firstname" : "rest assured  by",
  "lastname" : "testers talk",
  "additionalneeds" : "breakfast",
  "totalprice" : 1001,
  "depositpaid" : true,
  "bookingdates" : {
    "checkin" : "2023-03-25",
    "checkout" : "2023-03-30"
  }
}
 Response body => {
    "bookingid": 3759,
    "booking": {
        "firstname": "rest assured  by",
        "lastname": "testers talk",
        "totalprice": 1001,
        "depositpaid": true,
        "bookingdates": {
            "checkin": "2023-03-25",
            "checkout": "2023-03-30"
        },
        "additionalneeds": "breakfast"
    }
}
2024-05-24T00:18:46,084 [main] INFO  (AllureReportGeneration.java:43) - e2eAPIRequest test execution started...
2024-05-24T00:18:47,756 [main] INFO  (RestAssuredListener.java:23) - 
 Method =>POST
 URI => https://restful-booker.herokuapp.com/booking
 Request body => {
    "firstname": "api testing",
    "lastname": "tutorial",
    "totalprice": 1000,
    "depositpaid": true,
    "bookingdates": {
        "checkin": "2018-01-01",
        "checkout": "2019-01-01"
    },
    "additionalneeds": "super bowls"
}
 Response body => {
    "bookingid": 3784,
    "booking": {
        "firstname": "api testing",
        "lastname": "tutorial",
        "totalprice": 1000,
        "depositpaid": true,
        "bookingdates": {
            "checkin": "2018-01-01",
            "checkout": "2019-01-01"
        },
        "additionalneeds": "super bowls"
    }
}
2024-05-24T00:18:49,279 [main] INFO  (RestAssuredListener.java:23) - 
 Method =>GET
 URI => https://restful-booker.herokuapp.com/booking/3784
 Request body => null
 Response body => {
    "firstname": "api testing",
    "lastname": "tutorial",
    "totalprice": 1000,
    "depositpaid": true,
    "bookingdates": {
        "checkin": "2018-01-01",
        "checkout": "2019-01-01"
    },
    "additionalneeds": "super bowls"
}
2024-05-24T00:18:50,506 [main] INFO  (RestAssuredListener.java:23) - 
 Method =>POST
 URI => https://restful-booker.herokuapp.com/auth
 Request body => {
    "username":"admin",
    "password":"password123"

}
 Response body => {
    "token": "c3d377d4d5ef6de"
}
2024-05-24T00:18:51,746 [main] INFO  (RestAssuredListener.java:23) - 
 Method =>PUT
 URI => https://restful-booker.herokuapp.com/booking/3784
 Request body => {
    "firstname": "Specflow",
    "lastname": "Selenium C#",
    "totalprice": 111,
    "depositpaid": true,
    "bookingdates": {
        "checkin": "2018-01-01",
        "checkout": "2019-01-01"
    },
    "additionalneeds": "super bowls"
}
 Response body => {
    "firstname": "Specflow",
    "lastname": "Selenium C#",
    "totalprice": 111,
    "depositpaid": true,
    "bookingdates": {
        "checkin": "2018-01-01",
        "checkout": "2019-01-01"
    },
    "additionalneeds": "super bowls"
}
2024-05-24T00:18:53,108 [main] INFO  (RestAssuredListener.java:23) - 
 Method =>PATCH
 URI => https://restful-booker.herokuapp.com/booking/3784
 Request body => {
    "firstname": "Testers Talk"
}
 Response body => {
    "firstname": "Testers Talk",
    "lastname": "Selenium C#",
    "totalprice": 111,
    "depositpaid": true,
    "bookingdates": {
        "checkin": "2018-01-01",
        "checkout": "2019-01-01"
    },
    "additionalneeds": "super bowls"
}
2024-05-24T00:18:54,324 [main] INFO  (RestAssuredListener.java:23) - 
 Method =>DELETE
 URI => https://restful-booker.herokuapp.com/booking/3784
 Request body => null
 Response body => Created
2024-05-24T00:18:54,325 [main] INFO  (AllureReportGeneration.java:154) - e2eAPIRequest test execution ended...
2024-05-24T00:18:54,359 [main] INFO  (AllureReportGeneration.java:164) - e2eAPIRequest test execution started...
2024-05-24T00:18:55,569 [main] INFO  (RestAssuredListener.java:23) - 
 Method =>POST
 URI => https://restful-booker.herokuapp.com/booking
 Request body => {
    "firstname": "api testing",
    "lastname": "tutorial",
    "totalprice": 1000,
    "depositpaid": true,
    "bookingdates": {
        "checkin": "2018-01-01",
        "checkout": "2019-01-01"
    },
    "additionalneeds": "super bowls"
}
 Response body => {
    "bookingid": 3852,
    "booking": {
        "firstname": "api testing",
        "lastname": "tutorial",
        "totalprice": 1000,
        "depositpaid": true,
        "bookingdates": {
            "checkin": "2018-01-01",
            "checkout": "2019-01-01"
        },
        "additionalneeds": "super bowls"
    }
}
2024-05-24T00:18:56,784 [main] INFO  (RestAssuredListener.java:23) - 
 Method =>GET
 URI => https://restful-booker.herokuapp.com/booking/3852
 Request body => null
 Response body => {
    "firstname": "api testing",
    "lastname": "tutorial",
    "totalprice": 1000,
    "depositpaid": true,
    "bookingdates": {
        "checkin": "2018-01-01",
        "checkout": "2019-01-01"
    },
    "additionalneeds": "super bowls"
}
2024-05-24T00:18:56,785 [main] INFO  (AllureReportGeneration.java:214) - e2eAPIRequest test execution ended...
2024-05-24T00:18:58,804 [main] INFO  (RestAssuredListener.java:23) - 
 Method =>POST
 URI => https://restful-booker.herokuapp.com/booking
 Request body => {
  "firstname" : "api testing by",
  "lastname" : "testers talk",
  "additionalneeds" : "breakfast",
  "totalprice" : 1000,
  "depositpaid" : true,
  "bookingdates" : {
    "checkin" : "2023-03-25",
    "checkout" : "2023-03-30"
  }
}
 Response body => {
    "bookingid": 3883,
    "booking": {
        "firstname": "api testing by",
        "lastname": "testers talk",
        "totalprice": 1000,
        "depositpaid": true,
        "bookingdates": {
            "checkin": "2023-03-25",
            "checkout": "2023-03-30"
        },
        "additionalneeds": "breakfast"
    }
}
2024-05-24T00:19:00,057 [main] INFO  (RestAssuredListener.java:23) - 
 Method =>POST
 URI => https://restful-booker.herokuapp.com/booking
 Request body => {
  "firstname" : "rest assured by",
  "lastname" : "testers talk",
  "additionalneeds" : "breakfast",
  "totalprice" : 1000,
  "depositpaid" : true,
  "bookingdates" : {
    "checkin" : "2023-03-25",
    "checkout" : "2023-03-30"
  }
}
 Response body => {
    "bookingid": 3893,
    "booking": {
        "firstname": "rest assured by",
        "lastname": "testers talk",
        "totalprice": 1000,
        "depositpaid": true,
        "bookingdates": {
            "checkin": "2023-03-25",
            "checkout": "2023-03-30"
        },
        "additionalneeds": "breakfast"
    }
}
2024-05-24T00:19:01,268 [main] INFO  (RestAssuredListener.java:23) - 
 Method =>POST
 URI => https://restful-booker.herokuapp.com/booking
 Request body => {
  "firstname" : "postman by",
  "lastname" : "testers talk",
  "additionalneeds" : "breakfast",
  "totalprice" : 1000,
  "depositpaid" : true,
  "bookingdates" : {
    "checkin" : "2023-03-25",
    "checkout" : "2023-03-30"
  }
}
 Response body => {
    "bookingid": 3902,
    "booking": {
        "firstname": "postman by",
        "lastname": "testers talk",
        "totalprice": 1000,
        "depositpaid": true,
        "bookingdates": {
            "checkin": "2023-03-25",
            "checkout": "2023-03-30"
        },
        "additionalneeds": "breakfast"
    }
}
